<?xml version="1.0" encoding="UTF-8"?>
<testsuite xmlns:xsi="http://www.w3.org/2001/XMLSchema-instance" xsi:noNamespaceSchemaLocation="https://maven.apache.org/surefire/maven-surefire-plugin/xsd/surefire-test-report-3.0.xsd" version="3.0" name="com.demo.quick.test.EmployeeTest" time="0.669" tests="1" errors="0" skipped="0" failures="0">
  <properties>
[...]
</properties>
  <testcase name="test" classname="com.demo.quick.test.EmployeeTest" time="0.639">
    <system-out><![CDATA[Employee(empId=1, empName=张三, empSalary=3000.11, empGender=男)
Employee(empId=2, empName=李四, empSalary=4000.22, empGender=男)
Employee(empId=3, empName=王五, empSalary=3500.33, empGender=女)
]]></system-out>
  </testcase>
</testsuite>